{"level":"info","ts":"2025-04-10T06:10:58.031914566Z","logger":"setup","msg":"Listening for changes on all namespaces"}
{"level":"info","ts":"2025-04-10T06:10:58.050294589Z","logger":"setup","msg":"Loading configuration from ConfigMap","namespace":"cnpg-system","name":"cnpg-controller-manager-config"}
{"level":"info","ts":"2025-04-10T06:10:58.088130833Z","logger":"setup","msg":"Operator configuration loaded","configuration":{"webhookCertDir":"","pluginSocketDir":"/plugins","watchNamespace":"","operatorNamespace":"cnpg-system","operatorPullSecretName":"cnpg-pull-secret","operatorImageName":"ghcr.io/cloudnative-pg/cloudnative-pg:1.25.1","postgresImageName":"ghcr.io/cloudnative-pg/postgresql:17.4","inheritedAnnotations":null,"inheritedLabels":null,"monitoringQueriesConfigmap":"cnpg-default-monitoring","monitoringQueriesSecret":"","enableInstanceManagerInplaceUpdates":false,"enableAzurePVCUpdates":false,"certificateDuration":90,"expiringCheckThreshold":7,"createAnyService":false,"clustersRolloutDelay":0,"instancesRolloutDelay":0,"includePlugins":""}}
{"level":"info","ts":"2025-04-10T06:10:58.095016375Z","logger":"setup","msg":"Kubernetes system metadata","haveSCC":false,"haveVolumeSnapshot":false,"availableArchitectures":[{"GoArch":"amd64"},{"GoArch":"arm64"}]}
{"level":"info","ts":"2025-04-10T06:10:58.131866836Z","logger":"controller-runtime.builder","msg":"Registering a mutating webhook","GVK":"postgresql.cnpg.io/v1, Kind=Cluster","path":"/mutate-postgresql-cnpg-io-v1-cluster"}
{"level":"info","ts":"2025-04-10T06:10:58.1322738Z","logger":"controller-runtime.webhook","msg":"Registering webhook","path":"/mutate-postgresql-cnpg-io-v1-cluster"}
{"level":"info","ts":"2025-04-10T06:10:58.132373063Z","logger":"controller-runtime.builder","msg":"Registering a validating webhook","GVK":"postgresql.cnpg.io/v1, Kind=Cluster","path":"/validate-postgresql-cnpg-io-v1-cluster"}
{"level":"info","ts":"2025-04-10T06:10:58.132463638Z","logger":"controller-runtime.webhook","msg":"Registering webhook","path":"/validate-postgresql-cnpg-io-v1-cluster"}
{"level":"info","ts":"2025-04-10T06:10:58.132565726Z","logger":"controller-runtime.builder","msg":"Registering a mutating webhook","GVK":"postgresql.cnpg.io/v1, Kind=Backup","path":"/mutate-postgresql-cnpg-io-v1-backup"}
{"level":"info","ts":"2025-04-10T06:10:58.132606223Z","logger":"controller-runtime.webhook","msg":"Registering webhook","path":"/mutate-postgresql-cnpg-io-v1-backup"}
{"level":"info","ts":"2025-04-10T06:10:58.132634438Z","logger":"controller-runtime.builder","msg":"Registering a validating webhook","GVK":"postgresql.cnpg.io/v1, Kind=Backup","path":"/validate-postgresql-cnpg-io-v1-backup"}
{"level":"info","ts":"2025-04-10T06:10:58.13267109Z","logger":"controller-runtime.webhook","msg":"Registering webhook","path":"/validate-postgresql-cnpg-io-v1-backup"}
{"level":"info","ts":"2025-04-10T06:10:58.13276242Z","logger":"controller-runtime.builder","msg":"Registering a mutating webhook","GVK":"postgresql.cnpg.io/v1, Kind=ScheduledBackup","path":"/mutate-postgresql-cnpg-io-v1-scheduledbackup"}
{"level":"info","ts":"2025-04-10T06:10:58.132810593Z","logger":"controller-runtime.webhook","msg":"Registering webhook","path":"/mutate-postgresql-cnpg-io-v1-scheduledbackup"}
{"level":"info","ts":"2025-04-10T06:10:58.132868469Z","logger":"controller-runtime.builder","msg":"Registering a validating webhook","GVK":"postgresql.cnpg.io/v1, Kind=ScheduledBackup","path":"/validate-postgresql-cnpg-io-v1-scheduledbackup"}
{"level":"info","ts":"2025-04-10T06:10:58.133064961Z","logger":"controller-runtime.webhook","msg":"Registering webhook","path":"/validate-postgresql-cnpg-io-v1-scheduledbackup"}
{"level":"info","ts":"2025-04-10T06:10:58.133409832Z","logger":"controller-runtime.builder","msg":"Registering a validating webhook","GVK":"postgresql.cnpg.io/v1, Kind=Pooler","path":"/validate-postgresql-cnpg-io-v1-pooler"}
{"level":"info","ts":"2025-04-10T06:10:58.133511288Z","logger":"controller-runtime.webhook","msg":"Registering webhook","path":"/validate-postgresql-cnpg-io-v1-pooler"}
{"level":"info","ts":"2025-04-10T06:10:58.13422385Z","logger":"setup","msg":"starting manager"}
{"level":"info","ts":"2025-04-10T06:10:58.134762499Z","logger":"controller-runtime.metrics","msg":"Starting metrics server"}
{"level":"info","ts":"2025-04-10T06:10:58.134943261Z","logger":"controller-runtime.webhook","msg":"Starting webhook server"}
{"level":"info","ts":"2025-04-10T06:10:58.135173539Z","logger":"controller-runtime.metrics","msg":"Serving metrics server","bindAddress":":8080","secure":false}
{"level":"info","ts":"2025-04-10T06:10:58.135375409Z","logger":"controller-runtime.certwatcher","msg":"Updated current TLS certificate"}
{"level":"info","ts":"2025-04-10T06:10:58.135451958Z","logger":"controller-runtime.webhook","msg":"Serving webhook server","host":"","port":9443}
{"level":"info","ts":"2025-04-10T06:10:58.135543487Z","logger":"controller-runtime.certwatcher","msg":"Starting certificate poll+watcher","interval":10}
{"level":"info","ts":"2025-04-10T06:10:58.236278295Z","msg":"attempting to acquire leader lease cnpg-system/db9c8771.cnpg.io..."}
{"level":"info","ts":"2025-04-10T06:11:04.249017792Z","msg":"successfully acquired lease cnpg-system/db9c8771.cnpg.io"}
{"level":"info","ts":"2025-04-10T06:11:04.249860277Z","msg":"Starting EventSource","controller":"cluster","controllerGroup":"postgresql.cnpg.io","controllerKind":"Cluster","source":"kind source: *v1.ClusterImageCatalog"}
{"level":"info","ts":"2025-04-10T06:11:04.250377186Z","msg":"Starting EventSource","controller":"cluster","controllerGroup":"postgresql.cnpg.io","controllerKind":"Cluster","source":"kind source: *v1.PodDisruptionBudget"}
{"level":"info","ts":"2025-04-10T06:11:04.250387989Z","msg":"Starting EventSource","controller":"cluster","controllerGroup":"postgresql.cnpg.io","controllerKind":"Cluster","source":"kind source: *v1.Secret"}
{"level":"info","ts":"2025-04-10T06:11:04.250439932Z","msg":"Starting EventSource","controller":"pooler","controllerGroup":"postgresql.cnpg.io","controllerKind":"Pooler","source":"kind source: *v1.Secret"}
{"level":"info","ts":"2025-04-10T06:11:04.250500048Z","msg":"Starting EventSource","controller":"cluster","controllerGroup":"postgresql.cnpg.io","controllerKind":"Cluster","source":"kind source: *v1.ConfigMap"}
{"level":"info","ts":"2025-04-10T06:11:04.250247714Z","msg":"Starting EventSource","controller":"backup","controllerGroup":"postgresql.cnpg.io","controllerKind":"Backup","source":"kind source: *v1.Cluster"}
{"level":"info","ts":"2025-04-10T06:11:04.250278581Z","msg":"Starting EventSource","controller":"cluster","controllerGroup":"postgresql.cnpg.io","controllerKind":"Cluster","source":"kind source: *v1.Pod"}
{"level":"info","ts":"2025-04-10T06:11:04.250298859Z","msg":"Starting EventSource","controller":"backup","controllerGroup":"postgresql.cnpg.io","controllerKind":"Backup","source":"kind source: *v1.Backup"}
{"level":"info","ts":"2025-04-10T06:11:04.250610294Z","msg":"Starting EventSource","controller":"scheduled-backup","controllerGroup":"postgresql.cnpg.io","controllerKind":"ScheduledBackup","source":"kind source: *v1.ScheduledBackup"}
{"level":"info","ts":"2025-04-10T06:11:04.250307743Z","msg":"Starting EventSource","controller":"cluster","controllerGroup":"postgresql.cnpg.io","controllerKind":"Cluster","source":"kind source: *v1.Job"}
{"level":"info","ts":"2025-04-10T06:11:04.250354826Z","msg":"Starting EventSource","controller":"cluster","controllerGroup":"postgresql.cnpg.io","controllerKind":"Cluster","source":"kind source: *v1.Service"}
{"level":"info","ts":"2025-04-10T06:11:04.250174783Z","msg":"Starting EventSource","controller":"cluster","controllerGroup":"postgresql.cnpg.io","controllerKind":"Cluster","source":"kind source: *v1.PersistentVolumeClaim"}
{"level":"info","ts":"2025-04-10T06:11:04.250833291Z","msg":"Starting EventSource","controller":"pooler","controllerGroup":"postgresql.cnpg.io","controllerKind":"Pooler","source":"kind source: *v1.ServiceAccount"}
{"level":"info","ts":"2025-04-10T06:11:04.250897874Z","msg":"Starting EventSource","controller":"pooler","controllerGroup":"postgresql.cnpg.io","controllerKind":"Pooler","source":"kind source: *v1.Role"}
{"level":"info","ts":"2025-04-10T06:11:04.250738687Z","msg":"Starting EventSource","controller":"cluster","controllerGroup":"postgresql.cnpg.io","controllerKind":"Cluster","source":"kind source: *v1.Node"}
{"level":"info","ts":"2025-04-10T06:11:04.250749687Z","msg":"Starting EventSource","controller":"cluster","controllerGroup":"postgresql.cnpg.io","controllerKind":"Cluster","source":"kind source: *v1.Pooler"}
{"level":"info","ts":"2025-04-10T06:11:04.250773657Z","msg":"Starting EventSource","controller":"pooler","controllerGroup":"postgresql.cnpg.io","controllerKind":"Pooler","source":"kind source: *v1.RoleBinding"}
{"level":"info","ts":"2025-04-10T06:11:04.250785479Z","msg":"Starting EventSource","controller":"pooler","controllerGroup":"postgresql.cnpg.io","controllerKind":"Pooler","source":"kind source: *v1.Deployment"}
{"level":"info","ts":"2025-04-10T06:11:04.250797295Z","msg":"Starting EventSource","controller":"pooler","controllerGroup":"postgresql.cnpg.io","controllerKind":"Pooler","source":"kind source: *v1.Pooler"}
{"level":"info","ts":"2025-04-10T06:11:04.250800573Z","msg":"Starting EventSource","controller":"pooler","controllerGroup":"postgresql.cnpg.io","controllerKind":"Pooler","source":"kind source: *v1.Service"}
{"level":"info","ts":"2025-04-10T06:11:04.249905121Z","msg":"Starting EventSource","controller":"plugin","controllerGroup":"","controllerKind":"Service","source":"kind source: *v1.Service"}
{"level":"info","ts":"2025-04-10T06:11:04.250257454Z","msg":"Starting EventSource","controller":"cluster","controllerGroup":"postgresql.cnpg.io","controllerKind":"Cluster","source":"kind source: *v1.Cluster"}
{"level":"info","ts":"2025-04-10T06:11:04.251206634Z","msg":"Starting EventSource","controller":"cluster","controllerGroup":"postgresql.cnpg.io","controllerKind":"Cluster","source":"kind source: *v1.ImageCatalog"}
{"level":"info","ts":"2025-04-10T06:11:04.452371663Z","msg":"Starting Controller","controller":"plugin","controllerGroup":"","controllerKind":"Service"}
{"level":"info","ts":"2025-04-10T06:11:04.45241584Z","msg":"Starting workers","controller":"plugin","controllerGroup":"","controllerKind":"Service","worker count":10}
{"level":"info","ts":"2025-04-10T06:11:04.452447254Z","msg":"Starting Controller","controller":"backup","controllerGroup":"postgresql.cnpg.io","controllerKind":"Backup"}
{"level":"info","ts":"2025-04-10T06:11:04.452463121Z","msg":"Starting workers","controller":"backup","controllerGroup":"postgresql.cnpg.io","controllerKind":"Backup","worker count":1}
{"level":"info","ts":"2025-04-10T06:11:04.453827135Z","msg":"Starting Controller","controller":"scheduled-backup","controllerGroup":"postgresql.cnpg.io","controllerKind":"ScheduledBackup"}
{"level":"info","ts":"2025-04-10T06:11:04.453845406Z","msg":"Starting workers","controller":"scheduled-backup","controllerGroup":"postgresql.cnpg.io","controllerKind":"ScheduledBackup","worker count":10}
{"level":"info","ts":"2025-04-10T06:11:04.454914055Z","msg":"Starting Controller","controller":"pooler","controllerGroup":"postgresql.cnpg.io","controllerKind":"Pooler"}
{"level":"info","ts":"2025-04-10T06:11:04.454930323Z","msg":"Starting workers","controller":"pooler","controllerGroup":"postgresql.cnpg.io","controllerKind":"Pooler","worker count":10}
{"level":"info","ts":"2025-04-10T06:11:04.454960623Z","msg":"Starting Controller","controller":"cluster","controllerGroup":"postgresql.cnpg.io","controllerKind":"Cluster"}
{"level":"info","ts":"2025-04-10T06:11:04.454964503Z","msg":"Starting workers","controller":"cluster","controllerGroup":"postgresql.cnpg.io","controllerKind":"Cluster","worker count":10}
{"level":"info","ts":"2025-04-10T06:11:04.466233283Z","msg":"reconciling service","controller":"cluster","controllerGroup":"postgresql.cnpg.io","controllerKind":"Cluster","Cluster":{"name":"cluster-example-full","namespace":"default"},"namespace":"default","name":"cluster-example-full","reconcileID":"c80329c5-ac15-4369-9654-9d189939dedc","serviceName":"cluster-example-full-r","updateStrategy":"patch"}
{"level":"info","ts":"2025-04-10T06:11:04.471466611Z","msg":"reconciling service","controller":"cluster","controllerGroup":"postgresql.cnpg.io","controllerKind":"Cluster","Cluster":{"name":"cluster-example","namespace":"default"},"namespace":"default","name":"cluster-example","reconcileID":"ca2d2ca4-3db3-4cbb-9377-b54a05e916b5","serviceName":"cluster-example-r","updateStrategy":"patch"}
{"level":"info","ts":"2025-04-10T06:11:04.472035703Z","msg":"reconciling service","controller":"cluster","controllerGroup":"postgresql.cnpg.io","controllerKind":"Cluster","Cluster":{"name":"cluster-example-full","namespace":"default"},"namespace":"default","name":"cluster-example-full","reconcileID":"c80329c5-ac15-4369-9654-9d189939dedc","serviceName":"cluster-example-full-ro","updateStrategy":"patch"}
{"level":"info","ts":"2025-04-10T06:11:04.475033795Z","msg":"reconciling service","controller":"cluster","controllerGroup":"postgresql.cnpg.io","controllerKind":"Cluster","Cluster":{"name":"cluster-example","namespace":"default"},"namespace":"default","name":"cluster-example","reconcileID":"ca2d2ca4-3db3-4cbb-9377-b54a05e916b5","serviceName":"cluster-example-ro","updateStrategy":"patch"}
{"level":"info","ts":"2025-04-10T06:11:04.478996981Z","msg":"reconciling service","controller":"cluster","controllerGroup":"postgresql.cnpg.io","controllerKind":"Cluster","Cluster":{"name":"cluster-example-full","namespace":"default"},"namespace":"default","name":"cluster-example-full","reconcileID":"c80329c5-ac15-4369-9654-9d189939dedc","serviceName":"cluster-example-full-rw","updateStrategy":"patch"}
{"level":"info","ts":"2025-04-10T06:11:04.479977609Z","msg":"reconciling service","controller":"cluster","controllerGroup":"postgresql.cnpg.io","controllerKind":"Cluster","Cluster":{"name":"cluster-example","namespace":"default"},"namespace":"default","name":"cluster-example","reconcileID":"ca2d2ca4-3db3-4cbb-9377-b54a05e916b5","serviceName":"cluster-example-rw","updateStrategy":"patch"}
{"level":"info","ts":"2025-04-10T06:11:04.62746379Z","msg":"Updating pvc metadata","controller":"cluster","controllerGroup":"postgresql.cnpg.io","controllerKind":"Cluster","Cluster":{"name":"cluster-example","namespace":"default"},"namespace":"default","name":"cluster-example","reconcileID":"ca2d2ca4-3db3-4cbb-9377-b54a05e916b5","pvc":"cluster-example-1","reconciler":"annotations"}
{"level":"info","ts":"2025-04-10T06:11:04.630511539Z","msg":"Updating pvc metadata","controller":"cluster","controllerGroup":"postgresql.cnpg.io","controllerKind":"Cluster","Cluster":{"name":"cluster-example-full","namespace":"default"},"namespace":"default","name":"cluster-example-full","reconcileID":"c80329c5-ac15-4369-9654-9d189939dedc","pvc":"cluster-example-full-1","reconciler":"annotations"}
{"level":"info","ts":"2025-04-10T06:13:45.489823521Z","msg":"Resource has been deleted","controller":"cluster","controllerGroup":"postgresql.cnpg.io","controllerKind":"Cluster","Cluster":{"name":"cluster-example-full","namespace":"default"},"namespace":"default","name":"cluster-example-full","reconcileID":"7b775e65-2654-4bff-bc9b-26a88ae70bbc"}
{"level":"info","ts":"2025-04-10T06:13:45.79252989Z","msg":"Resource has been deleted","controller":"cluster","controllerGroup":"postgresql.cnpg.io","controllerKind":"Cluster","Cluster":{"name":"cluster-example-full","namespace":"default"},"namespace":"default","name":"cluster-example-full","reconcileID":"bac687ec-3984-4bb3-9a65-26949a598a29"}
{"level":"info","ts":"2025-04-10T06:13:47.058563136Z","msg":"Resource has been deleted","controller":"cluster","controllerGroup":"postgresql.cnpg.io","controllerKind":"Cluster","Cluster":{"name":"cluster-example-full","namespace":"default"},"namespace":"default","name":"cluster-example-full","reconcileID":"340b6734-7a0e-41a5-9fe8-e80b679e498c"}
{"level":"info","ts":"2025-04-10T06:14:25.994930484Z","msg":"Resource has been deleted","controller":"cluster","controllerGroup":"postgresql.cnpg.io","controllerKind":"Cluster","Cluster":{"name":"cluster-example","namespace":"default"},"namespace":"default","name":"cluster-example","reconcileID":"f11cc223-ef1c-4c40-8abf-88d147584438"}
{"level":"info","ts":"2025-04-10T06:14:26.011733313Z","msg":"Resource has been deleted","controller":"cluster","controllerGroup":"postgresql.cnpg.io","controllerKind":"Cluster","Cluster":{"name":"cluster-example","namespace":"default"},"namespace":"default","name":"cluster-example","reconcileID":"53cde6ba-82cb-49d6-8e68-7434a97bf693"}
{"level":"info","ts":"2025-04-10T06:14:26.019579634Z","msg":"Resource has been deleted","controller":"cluster","controllerGroup":"postgresql.cnpg.io","controllerKind":"Cluster","Cluster":{"name":"cluster-example","namespace":"default"},"namespace":"default","name":"cluster-example","reconcileID":"878d2d9f-c5b9-4816-9616-f95140378a75"}
{"level":"info","ts":"2025-04-10T06:14:26.026444022Z","msg":"Resource has been deleted","controller":"cluster","controllerGroup":"postgresql.cnpg.io","controllerKind":"Cluster","Cluster":{"name":"cluster-example","namespace":"default"},"namespace":"default","name":"cluster-example","reconcileID":"cf9931ee-6c36-4c05-a878-6e87332ec53b"}
{"level":"info","ts":"2025-04-10T06:14:27.421528734Z","msg":"Resource has been deleted","controller":"cluster","controllerGroup":"postgresql.cnpg.io","controllerKind":"Cluster","Cluster":{"name":"cluster-example","namespace":"default"},"namespace":"default","name":"cluster-example","reconcileID":"e55d7343-be44-4337-8a54-b95917bdbac6"}
{"level":"info","ts":"2025-04-10T06:15:53.351818687Z","logger":"cluster-resource","msg":"Defaulting for Cluster","version":"v1","name":"cluster-example-initdb","namespace":"default"}
{"level":"info","ts":"2025-04-10T06:15:53.357831945Z","logger":"cluster-resource","msg":"Validation for Cluster upon creation","version":"v1","name":"cluster-example-initdb","namespace":"default"}
{"level":"info","ts":"2025-04-10T06:15:53.373377446Z","msg":"no orphan PVCs found, skipping the restored cluster reconciliation","controller":"cluster","controllerGroup":"postgresql.cnpg.io","controllerKind":"Cluster","Cluster":{"name":"cluster-example-initdb","namespace":"default"},"namespace":"default","name":"cluster-example-initdb","reconcileID":"869a530b-f22f-4b4f-823d-1b9dcd74e8a3"}
{"level":"info","ts":"2025-04-10T06:15:53.383721359Z","msg":"creating service","controller":"cluster","controllerGroup":"postgresql.cnpg.io","controllerKind":"Cluster","Cluster":{"name":"cluster-example-initdb","namespace":"default"},"namespace":"default","name":"cluster-example-initdb","reconcileID":"869a530b-f22f-4b4f-823d-1b9dcd74e8a3","serviceName":"cluster-example-initdb-r","updateStrategy":"patch"}
{"level":"info","ts":"2025-04-10T06:15:53.389450644Z","msg":"creating service","controller":"cluster","controllerGroup":"postgresql.cnpg.io","controllerKind":"Cluster","Cluster":{"name":"cluster-example-initdb","namespace":"default"},"namespace":"default","name":"cluster-example-initdb","reconcileID":"869a530b-f22f-4b4f-823d-1b9dcd74e8a3","serviceName":"cluster-example-initdb-ro","updateStrategy":"patch"}
{"level":"info","ts":"2025-04-10T06:15:53.398650455Z","msg":"creating service","controller":"cluster","controllerGroup":"postgresql.cnpg.io","controllerKind":"Cluster","Cluster":{"name":"cluster-example-initdb","namespace":"default"},"namespace":"default","name":"cluster-example-initdb","reconcileID":"869a530b-f22f-4b4f-823d-1b9dcd74e8a3","serviceName":"cluster-example-initdb-rw","updateStrategy":"patch"}
{"level":"info","ts":"2025-04-10T06:15:53.635196938Z","msg":"Creating new Job","controller":"cluster","controllerGroup":"postgresql.cnpg.io","controllerKind":"Cluster","Cluster":{"name":"cluster-example-initdb","namespace":"default"},"namespace":"default","name":"cluster-example-initdb","reconcileID":"869a530b-f22f-4b4f-823d-1b9dcd74e8a3","jobName":"cluster-example-initdb-1-initdb","primary":true}